Build started 04/06/2014 23:53:05.
     1>Project "C:\Users\jonat_000\Documents\GitHub\MCQ_SOLVER\Projet_Vision_Ordinateur\Projet_Vision_Ordinateur\Projet_Vision_Ordinateur.vcxproj" on node 2 (Build target(s)).
     1>ClCompile:
         E:\Program Files (x86)\VS2013\VC\bin\CL.exe /c /I..\opencv\build\include /I"E:\Program Files (x86)\Visual Leak Detector\include" /ZI /nologo /W3 /WX- /sdl /Od /Oy- /D WIN32 /D _DEBUG /D _CONSOLE /D _LIB /D _UNICODE /D UNICODE /Gm /EHsc /RTC1 /MDd /GS /fp:precise /Zc:wchar_t /Zc:forScope /Fo"Debug\\" /Fd"Debug\vc120.pdb" /Gd /TP /analyze- /errorReport:prompt gridDetect.cpp
         gridDetect.cpp
     1>c:\users\jonat_000\documents\github\mcq_solver\projet_vision_ordinateur\projet_vision_ordinateur\griddetect.hpp(20): warning C4244: 'return' : conversion from 'double' to 'float', possible loss of data
     1>c:\users\jonat_000\documents\github\mcq_solver\projet_vision_ordinateur\projet_vision_ordinateur\griddetect.cpp(127): warning C4244: 'return' : conversion from 'double' to 'float', possible loss of data
     1>c:\users\jonat_000\documents\github\mcq_solver\projet_vision_ordinateur\projet_vision_ordinateur\griddetect.cpp(158): warning C4018: '<' : signed/unsigned mismatch
     1>c:\users\jonat_000\documents\github\mcq_solver\projet_vision_ordinateur\projet_vision_ordinateur\griddetect.cpp(160): warning C4018: '<' : signed/unsigned mismatch
     1>c:\users\jonat_000\documents\github\mcq_solver\projet_vision_ordinateur\projet_vision_ordinateur\griddetect.cpp(18): warning C4715: 'computeIntersect' : not all control paths return a value
       Link:
         E:\Program Files (x86)\VS2013\VC\bin\link.exe /ERRORREPORT:PROMPT /OUT:"C:\Users\jonat_000\Documents\GitHub\MCQ_SOLVER\Projet_Vision_Ordinateur\Debug\Projet_Vision_Ordinateur.exe" /INCREMENTAL /LIBPATH:..\opencv\build\x86\vc12\lib /LIBPATH:"E:\Program Files (x86)\Visual Leak Detector\lib\Win32" opencv_calib3d248d.lib opencv_contrib248d.lib opencv_core248d.lib opencv_features2d248d.lib opencv_flann248d.lib opencv_gpu248d.lib opencv_highgui248d.lib opencv_imgproc248d.lib opencv_legacy248d.lib opencv_ml248d.lib opencv_nonfree248d.lib opencv_objdetect248d.lib opencv_photo248d.lib opencv_stitching248d.lib opencv_superres248d.lib opencv_ts248d.lib opencv_video248d.lib opencv_videostab248d.lib /MANIFEST /MANIFESTUAC:"level='asInvoker' uiAccess='false'" /manifest:embed /DEBUG /PDB:"C:\Users\jonat_000\Documents\GitHub\MCQ_SOLVER\Projet_Vision_Ordinateur\Debug\Projet_Vision_Ordinateur.pdb" /SUBSYSTEM:CONSOLE /TLBID:1 /DYNAMICBASE /NXCOMPAT /IMPLIB:"C:\Users\jonat_000\Documents\GitHub\MCQ_SOLVER\Projet_Vision_Ordinateur\Debug\Projet_Vision_Ordinateur.lib" /MACHINE:X86 Debug\gridDetect.obj
         Debug\main.obj
         Debug\Trash.obj
         Microsoft (R) Incremental Linker Version 12.00.30501.0
         Copyright (C) Microsoft Corporation.  All rights reserved.
         
         "/OUT:C:\Users\jonat_000\Documents\GitHub\MCQ_SOLVER\Projet_Vision_Ordinateur\Debug\Projet_Vision_Ordinateur.exe" /INCREMENTAL /LIBPATH:..\opencv\build\x86\vc12\lib "/LIBPATH:E:\Program Files (x86)\Visual Leak Detector\lib\Win32" opencv_calib3d248d.lib opencv_contrib248d.lib opencv_core248d.lib opencv_features2d248d.lib opencv_flann248d.lib opencv_gpu248d.lib opencv_highgui248d.lib opencv_imgproc248d.lib opencv_legacy248d.lib opencv_ml248d.lib opencv_nonfree248d.lib opencv_objdetect248d.lib opencv_photo248d.lib opencv_stitching248d.lib opencv_superres248d.lib opencv_ts248d.lib opencv_video248d.lib opencv_videostab248d.lib /MANIFEST "/MANIFESTUAC:level='asInvoker' uiAccess='false'" /manifest:embed /DEBUG "/PDB:C:\Users\jonat_000\Documents\GitHub\MCQ_SOLVER\Projet_Vision_Ordinateur\Debug\Projet_Vision_Ordinateur.pdb" /SUBSYSTEM:CONSOLE /TLBID:1 /DYNAMICBASE /NXCOMPAT "/IMPLIB:C:\Users\jonat_000\Documents\GitHub\MCQ_SOLVER\Projet_Vision_Ordinateur\Debug\Projet_Vision_Ordinateur.lib" /MACHINE:X86 Debug\gridDetect.obj 
         Debug\main.obj 
         Debug\Trash.obj 
         Projet_Vision_Ordinateur.vcxproj -> C:\Users\jonat_000\Documents\GitHub\MCQ_SOLVER\Projet_Vision_Ordinateur\Debug\Projet_Vision_Ordinateur.exe
     1>Done Building Project "C:\Users\jonat_000\Documents\GitHub\MCQ_SOLVER\Projet_Vision_Ordinateur\Projet_Vision_Ordinateur\Projet_Vision_Ordinateur.vcxproj" (Build target(s)).

Build succeeded.

Time Elapsed 00:00:00.86
